# Preference setting overrides
gui_create_pref_key -category {Globals} -key {load_detail_for_funcov} -value_type {bool} -value {false}

# State setting overrides
gui_state_default_create -off -ini
gui_set_state_value -category Globals -key recent_databases -value {{gui_open_db -file /gaia/class/student/gomezm/replay-buffer/fifo.vcd -design V1} {gui_open_db -file /gaia/class/student/gomezm/test_project/d_latch.vcd -design V1}}
gui_set_state_value -category Layout -key child_console_size_x -value 1849
gui_set_state_value -category Layout -key child_console_size_y -value 175
gui_set_state_value -category Layout -key child_data_size_x -value 170
gui_set_state_value -category Layout -key child_data_size_y -value 759
gui_set_state_value -category Layout -key child_hier_col3 -value {-1}
gui_set_state_value -category Layout -key child_hier_colpd -value 0
gui_set_state_value -category Layout -key child_hier_size_x -value 170
gui_set_state_value -category Layout -key child_hier_size_y -value 759
gui_set_state_value -category Layout -key child_source_docknewline -value false
gui_set_state_value -category Layout -key child_source_pos_x -value {-2}
gui_set_state_value -category Layout -key child_source_pos_y -value {-15}
gui_set_state_value -category Layout -key child_source_size_x -value 1512
gui_set_state_value -category Layout -key child_source_size_y -value 754
gui_set_state_value -category Layout -key child_wave_colname -value 154
gui_set_state_value -category Layout -key child_wave_colvalue -value 85
gui_set_state_value -category Layout -key child_wave_left -value 243
gui_set_state_value -category Layout -key child_wave_right -value 592
gui_set_state_value -category Layout -key main_pos_x -value 921
gui_set_state_value -category Layout -key main_pos_y -value 348
gui_set_state_value -category Layout -key main_size_x -value 2770
gui_set_state_value -category Layout -key main_size_y -value 1363
gui_set_state_value -category Layout -key stand_wave_child_docknewline -value false
gui_set_state_value -category Layout -key stand_wave_child_showstate -value minimized
gui_set_state_value -category Layout -key stand_wave_child_size_x -value 845
gui_set_state_value -category Layout -key stand_wave_child_size_y -value 340
gui_set_state_value -category Layout -key stand_wave_top_pos_x -value 759
gui_set_state_value -category Layout -key stand_wave_top_pos_y -value 237
gui_set_state_value -category Layout -key stand_wave_top_size_x -value 2608
gui_set_state_value -category Layout -key stand_wave_top_size_y -value 1252
gui_create_state_key -category FindDialog -key m_pMatchCase -value_type bool -value false
gui_create_state_key -category FindDialog -key m_pMatchWord -value_type bool -value false
gui_create_state_key -category FindDialog -key m_pUseCombo -value_type string -value {}
gui_create_state_key -category FindDialog -key m_pWrapAround -value_type bool -value true
gui_state_default_create -off

# Begin command logging
gui_open_db -file /gaia/class/student/gomezm/replay-buffer/lcrc_32.vcd -design V1
gui_list_expand -id  Hier.1   lcrc_32_tb
gui_list_select -id Hier.1 -current_item_name lcrc_32_tb.pepsi -current_item_type Scope  -selected  { lcrc_32_tb.pepsi   }
gui_list_expand -id  Hier.1   lcrc_32_tb.pepsi
gui_list_select -id Hier.1 -current_item_name lcrc_32_tb.pepsi.generate_crc -current_item_type Scope  -selected  { lcrc_32_tb.pepsi.generate_crc   }
gui_list_select -id Hier.1 -current_item_name lcrc_32_tb.pepsi -current_item_type Scope  -selected  { lcrc_32_tb.pepsi   }
gui_list_select -id Hier.1 -current_item_name lcrc_32_tb -current_item_type Scope  -selected  { lcrc_32_tb   }
gui_open_window Wave
gui_list_add -id Wave.1 -from Hier.1 { lcrc_32_tb } -insertionbar
gui_zoom -window Wave.1 -full
gui_wv_zoom_timerange -id  Wave.1 0 971
gui_zoom -window Wave.1 -full
gui_marker_move -id  Wave.1 C1 198
gui_marker_move -id  Wave.1 C1 41
gui_list_expand -id  Wave.1   {lcrc_32_tb.in_t[7:0]}
gui_list_collapse -id  Wave.1   {lcrc_32_tb.in_t[7:0]}
gui_list_expand -id  Wave.1   {lcrc_32_tb.final_out_t[39:0]}
gui_list_collapse -id  Wave.1   {lcrc_32_tb.final_out_t[39:0]}
gui_list_expand -id  Wave.1   {lcrc_32_tb.i[31:0]}
gui_list_select -id Wave.1 -selected  { {lcrc_32_tb.i[31:0]}   }
gui_list_collapse -id  Wave.1   {lcrc_32_tb.i[31:0]}
gui_marker_move -id  Wave.1 C1 0
gui_list_expand -id  Wave.1   {lcrc_32_tb.final_out_t[39:0]}
gui_list_select -id Wave.1 -selected  { {lcrc_32_tb.final_out_t[39]}   }
gui_list_select -id Wave.1 -selected  { {lcrc_32_tb.final_out_t[37]}   }
gui_list_select -id Wave.1 -selected  { {lcrc_32_tb.final_out_t[34]}   }
gui_list_select -id Wave.1 -selected  { {lcrc_32_tb.final_out_t[35]}   }
gui_list_collapse -id  Wave.1   {lcrc_32_tb.final_out_t[39:0]}
gui_list_expand -id  Wave.1   {lcrc_32_tb.final_out_t[39:0]}
gui_list_select -id Wave.1 -selected  { {lcrc_32_tb.final_out_t[36]}   }
gui_list_collapse -id  Wave.1   {lcrc_32_tb.final_out_t[39:0]}
gui_close_window -window Wave.1
gui_close_window -window TopLevel.2
gui_list_select -id Hier.1 -current_item_name lcrc_32_tb.pepsi.generate_crc -current_item_type Scope  -selected  { lcrc_32_tb.pepsi.generate_crc   }
gui_open_window Wave
gui_list_add -id Wave.1 -from Hier.1 { lcrc_32_tb.pepsi.generate_crc } -insertionbar
gui_list_expand -id  Wave.1   {lcrc_32_tb.pepsi.generate_crc.temp[31:0]}
gui_list_collapse -id  Wave.1   {lcrc_32_tb.pepsi.generate_crc.temp[31:0]}
gui_list_select -id Wave.1 -selected  { {lcrc_32_tb.pepsi.generate_crc.temp2[31:0]}   }
gui_list_expand -id  Wave.1   {lcrc_32_tb.pepsi.generate_crc.counter[9:0]}
gui_list_select -id Wave.1 -selected  { {lcrc_32_tb.pepsi.generate_crc.counter[9:0]}   }
gui_seek_next -id Wave.1 -number 1 
gui_seek_next -id Wave.1 -number 1 
gui_seek_next -id Wave.1 -number 1 
gui_seek_previous -id Wave.1 -number 1 
gui_seek_next -id Wave.1 -number 1 
gui_seek_next -id Wave.1 -number 1 
gui_seek_next -id Wave.1 -number 1 
gui_seek_next -id Wave.1 -number 1 
gui_wv_zoom_timerange -id  Wave.1 0 447
gui_wv_zoom_timerange -id  Wave.1 0 384
gui_wv_zoom_timerange -id  Wave.1 0 422
gui_marker_move -id  Wave.1 C1 127
gui_marker_move -id  Wave.1 C1 78
gui_wv_zoom_timerange -id  Wave.1 0 377
gui_wv_zoom_timerange -id  Wave.1 0 407
gui_marker_select -id  Wave.1 { C1 }
gui_marker_move -id  Wave.1 C1 109
gui_marker_move -id  Wave.1 C1 116
gui_marker_move -id  Wave.1 C1 138
gui_close_window -window TopLevel.2
